<?xml version="1.0" encoding="UTF-8"?>
<testng-results ignored="0" total="1" passed="1" failed="0" skipped="0">
  <reporter-output>
  </reporter-output>
  <suite started-at="2024-11-27T14:49:36 IST" name="Default suite" finished-at="2024-11-27T14:49:42 IST" duration-ms="5890">
    <groups>
    </groups>
    <test started-at="2024-11-27T14:49:36 IST" name="Default test" finished-at="2024-11-27T14:49:42 IST" duration-ms="5890">
      <class name="testscript.LoginTest">
        <test-method is-config="true" signature="beforeMethod()[pri:0, instance:testscript.LoginTest@298a5e20]" started-at="2024-11-27T14:49:36 IST" name="beforeMethod" finished-at="2024-11-27T14:49:41 IST" duration-ms="5327" status="PASS">
          <reporter-output>
          </reporter-output>
        </test-method> <!-- beforeMethod -->
        <test-method signature="verifyValidUserInvalidPassword()[pri:0, instance:testscript.LoginTest@298a5e20]" started-at="2024-11-27T14:49:41 IST" name="verifyValidUserInvalidPassword" finished-at="2024-11-27T14:49:42 IST" duration-ms="500" status="PASS">
          <reporter-output>
          </reporter-output>
        </test-method> <!-- verifyValidUserInvalidPassword -->
        <test-method is-config="true" signature="afterMethod()[pri:0, instance:testscript.LoginTest@298a5e20]" started-at="2024-11-27T14:49:42 IST" name="afterMethod" finished-at="2024-11-27T14:49:42 IST" duration-ms="1" status="PASS">
          <reporter-output>
          </reporter-output>
        </test-method> <!-- afterMethod -->
      </class> <!-- testscript.LoginTest -->
    </test> <!-- Default test -->
  </suite> <!-- Default suite -->
</testng-results>
