<?xml version="1.0" encoding="UTF-8"?>
<!-- Generated by org.testng.reporters.JUnitXMLReporter -->
<testsuite ignored="2" hostname="DESKTOP-0PPKKSD" failures="0" tests="1" name="Test" time="5.529" errors="0" timestamp="2024-11-29T12:00:24 IST">
  <testcase classname="testscript.LoginTest" name="verifyValidUserInvalidPassword" time="0.539"/>
  <testcase classname="testscript.LoginTest" name="verifyUserLoginWithValidCredentials" time="0.0">
    <ignored/>
  </testcase> <!-- verifyUserLoginWithValidCredentials -->
  <testcase classname="testscript.LoginTest" name="verifyinvalidUserInvalidPassword" time="0.0">
    <ignored/>
  </testcase> <!-- verifyinvalidUserInvalidPassword -->
</testsuite> <!-- Test -->
